{
  "0 debug pnpm:scope": {
    "selected": 1
  },
  "1 error pnpm": {
    "errno": 1,
    "code": "ELIFECYCLE",
    "pkgid": "essence@0.1.0",
    "stage": "api",
    "script": "cd ./api && node index.js",
    "pkgname": "essence",
    "err": {
      "name": "pnpm",
      "message": "essence@0.1.0 api: `cd ./api && node index.js`\nExit status 1",
      "code": "ELIFECYCLE",
      "stack": "pnpm: essence@0.1.0 api: `cd ./api && node index.js`\nExit status 1\n    at EventEmitter.<anonymous> (/home/joan/.nvm/versions/node/v18.4.0/lib/node_modules/pnpm/dist/pnpm.cjs:108610:20)\n    at EventEmitter.emit (node:events:537:28)\n    at ChildProcess.<anonymous> (/home/joan/.nvm/versions/node/v18.4.0/lib/node_modules/pnpm/dist/pnpm.cjs:95176:18)\n    at ChildProcess.emit (node:events:537:28)\n    at maybeClose (node:internal/child_process:1091:16)\n    at ChildProcess._handle.onexit (node:internal/child_process:302:5)"
    }
  },
  "2 warn pnpm:global": " Local package.json exists, but node_modules missing, did you mean to install?"
}